DEBUG 2016-11-16 23:46:37,903: 	 Executing command: 'submit'
DEBUG 2016-11-16 23:46:37,904: 	 Found CRAB cache file /afs/cern.ch/user/b/btran/.crab3
DEBUG 2016-11-16 23:46:37,911: 	 Checking credentials
DEBUG 2016-11-16 23:46:37,911: 	 Found proxy file /tmp/x509up_u80051
DEBUG 2016-11-16 23:46:37,911: 	 Getting proxy life time left
DEBUG 2016-11-16 23:46:38,418: 	 Executing : 
 command : voms-proxy-info -file /tmp/x509up_u80051 -timeleft
 output : 85386

 error: 
 retcode : 0
DEBUG 2016-11-16 23:46:38,922: 	 Executing : 
 command : voms-proxy-info -file /tmp/x509up_u80051 -actimeleft
 output : 85386

 error: 
 retcode : 0
DEBUG 2016-11-16 23:46:38,922: 	 Proxy valid for 23:43:06 hours
INFO 2016-11-16 23:46:38,922: 	 Will use CRAB configuration file crab3_xi_analyzer.py
DEBUG 2016-11-16 23:46:38,922: 	 Loading CRAB configuration file.
DEBUG 2016-11-16 23:46:38,925: 	 Will use CRAB Analysis plugin (i.e. will run an analysis job type).
DEBUG 2016-11-16 23:46:39,046: 	 Executing : 
 command : openssl x509 -in ~/.globus/usercert.pem -subject -noout
 output : subject= /DC=ch/DC=cern/OU=Organic Units/OU=Users/CN=btran/CN=768639/CN=Benjamin Lucky Tran

 error: 
 retcode : 0
DEBUG 2016-11-16 23:46:39,046: 	 Checking credentials
DEBUG 2016-11-16 23:46:39,046: 	 Found proxy file /tmp/x509up_u80051
DEBUG 2016-11-16 23:46:39,046: 	 Getting proxy life time left
DEBUG 2016-11-16 23:46:39,557: 	 Executing : 
 command : voms-proxy-info -file /tmp/x509up_u80051 -timeleft
 output : 85385

 error: 
 retcode : 0
DEBUG 2016-11-16 23:46:40,064: 	 Executing : 
 command : voms-proxy-info -file /tmp/x509up_u80051 -actimeleft
 output : 85385

 error: 
 retcode : 0
DEBUG 2016-11-16 23:46:40,065: 	 Proxy valid for 23:43:05 hours
DEBUG 2016-11-16 23:46:40,577: 	 Executing : 
 command : env X509_USER_PROXY=/tmp/x509up_u80051 voms-proxy-info -fqan
 output : /cms/Role=NULL/Capability=NULL
/cms/uscms/Role=NULL/Capability=NULL

 error: 
 retcode : 0
DEBUG 2016-11-16 23:46:47,102: 	 Registering user credentials for server /DC=ch/DC=cern/OU=computers/CN=vocms(045|052|021|031|0118|0118a|0119|0108).cern.ch
DEBUG 2016-11-16 23:46:47,214: 	 Executing : 
 command : openssl x509 -in ~/.globus/usercert.pem -subject -noout
 output : subject= /DC=ch/DC=cern/OU=Organic Units/OU=Users/CN=btran/CN=768639/CN=Benjamin Lucky Tran

 error: 
 retcode : 0
DEBUG 2016-11-16 23:46:47,214: 	 Getting myproxy life time left for myproxy.cern.ch
DEBUG 2016-11-16 23:46:47,215: 	 Calculating hash of /DC=ch/DC=cern/OU=Organic Units/OU=Users/CN=btran/CN=768639/CN=Benjamin Lucky Tran_cmsweb.cern.ch for credential name
DEBUG 2016-11-16 23:46:47,721: 	 Executing : 
 command : myproxy-info -l 389e31345499efe30bcc806d316d8722615d7660 -s myproxy.cern.ch
 output : username: 389e31345499efe30bcc806d316d8722615d7660
owner: /DC=ch/DC=cern/OU=Organic Units/OU=Users/CN=btran/CN=768639/CN=Benjamin Lucky Tran
  renewal policy: /DC=ch/DC=cern/OU=computers/CN=vocms(045|052|021|031|0118|0118a|0119|0108).cern.ch
  trusted retrieval policy: /DC=ch/DC=cern/OU=computers/CN=vocms(045|052|021|031|0118|0118a|0119|0108).cern.ch
  timeleft: 719:43:16  (30.0 days)

 error: 
 retcode : 0
DEBUG 2016-11-16 23:46:47,722: 	 Myproxy is valid: 2590996
DEBUG 2016-11-16 23:46:47,722: 	 Command use: submit
DEBUG 2016-11-16 23:46:47,722: 	 Options use: ['-c', 'crab3_xi_analyzer.py', '--wait']
DEBUG 2016-11-16 23:46:53,813: 	 CRABClient version: 3.3.1611
DEBUG 2016-11-16 23:46:53,814: 	 Instance is prod
DEBUG 2016-11-16 23:46:53,814: 	 Server base url is cmsweb.cern.ch
DEBUG 2016-11-16 23:46:53,814: 	 Command url /crabserver/prod/workflow
DEBUG 2016-11-16 23:46:53,814: 	 Started submission
DEBUG 2016-11-16 23:46:53,814: 	 Working on /afs/cern.ch/user/b/btran/work/CMSSW_5_3_20/src/XiAnalyzer/XiAnalyzer/crab/cascadev2ppb2013InvMass/crab_cascadev2ppb2013InvMass
DEBUG 2016-11-16 23:46:59,473: 	 Loading required information from the environment
DEBUG 2016-11-16 23:46:59,473: 	 Found CMSSW_5_3_20 for slc6_amd64_gcc472 with base /afs/cern.ch/user/b/btran/work/CMSSW_5_3_20
DEBUG 2016-11-16 23:46:59,473: 	 Loading required information from the environment
DEBUG 2016-11-16 23:46:59,473: 	 Found CMSSW_5_3_20 for slc6_amd64_gcc472 with base /afs/cern.ch/user/b/btran/work/CMSSW_5_3_20
DEBUG 2016-11-16 23:46:59,487: 	 UNIQUE NAME: tarUUID ad2937f8-221d-4820-b300-a2d36bebcda6 
DEBUG 2016-11-16 23:46:59,488: 	 self.config: from WMCore.Configuration import Configuration
config = Configuration()
config.section_('General')
config.General.workArea = 'cascadev2ppb2013InvMass'
config.General.requestName = 'cascadev2ppb2013InvMass'
config.section_('JobType')
config.JobType.psetName = '/afs/cern.ch/user/b/btran/work/CMSSW_5_3_20/src/XiAnalyzer/XiAnalyzer/test/xianalysis_cfg.py'
config.JobType.pluginName = 'Analysis'
config.section_('Data')
config.Data.inputDataset = '/PAMinBiasUPC/davidlw-PA2013_FlowCorr_PromptReco_MB_Gplus_Rereco_ReTracking_v18-25c9a89be536a41c8ccb3c75e9fd9358/USER'
config.Data.outputDatasetTag = 'pPb_Cascade_Rereco_MB'
config.Data.publishDBS = 'phys03'
config.Data.publication = False
config.Data.unitsPerJob = 10
config.Data.inputDBS = 'phys03'
config.Data.splitting = 'FileBased'
config.Data.outLFNDirBase = '/store/group/phys_heavyions/btran/'
config.section_('Site')
config.Site.whitelist = ['T2_US_MIT']
config.Site.storageSite = 'T2_CH_CERN'

DEBUG 2016-11-16 23:46:59,488: 	 self.config.JobType.psetName: /afs/cern.ch/user/b/btran/work/CMSSW_5_3_20/src/XiAnalyzer/XiAnalyzer/test/xianalysis_cfg.py
INFO 2016-11-16 23:46:59,488: 	 Importing CMSSW configuration /afs/cern.ch/user/b/btran/work/CMSSW_5_3_20/src/XiAnalyzer/XiAnalyzer/test/xianalysis_cfg.py
INFO 2016-11-16 23:47:03,200: 	 Finished importing CMSSW configuration /afs/cern.ch/user/b/btran/work/CMSSW_5_3_20/src/XiAnalyzer/XiAnalyzer/test/xianalysis_cfg.py
DEBUG 2016-11-16 23:47:03,201: 	 Writing CMSSW configuration to /afs/cern.ch/user/b/btran/work/CMSSW_5_3_20/src/XiAnalyzer/XiAnalyzer/crab/cascadev2ppb2013InvMass/crab_cascadev2ppb2013InvMass/inputs/PSet.py
DEBUG 2016-11-16 23:47:05,056: 	 The following EDM output files will be collected: []
DEBUG 2016-11-16 23:47:05,056: 	 The following TFile output files will be collected: ['XiAnalysis.root']
DEBUG 2016-11-16 23:47:05,056: 	 The following user output files will be collected: []
DEBUG 2016-11-16 23:47:05,056: 	 Loading required information from the environment
DEBUG 2016-11-16 23:47:05,056: 	 Found CMSSW_5_3_20 for slc6_amd64_gcc472 with base /afs/cern.ch/user/b/btran/work/CMSSW_5_3_20
DEBUG 2016-11-16 23:47:05,056: 	 Making tarball in /afs/cern.ch/user/b/btran/work/CMSSW_5_3_20/src/XiAnalyzer/XiAnalyzer/crab/cascadev2ppb2013InvMass/crab_cascadev2ppb2013InvMass/inputs/ad2937f8-221d-4820-b300-a2d36bebcda6default.tgz
DEBUG 2016-11-16 23:47:05,077: 	 Checking directory /afs/cern.ch/user/b/btran/work/CMSSW_5_3_20/lib
DEBUG 2016-11-16 23:47:05,078: 	 Adding directory /afs/cern.ch/user/b/btran/work/CMSSW_5_3_20/lib to tarball
DEBUG 2016-11-16 23:47:05,196: 	 Checking directory /afs/cern.ch/user/b/btran/work/CMSSW_5_3_20/biglib
DEBUG 2016-11-16 23:47:05,197: 	 Checking directory /afs/cern.ch/user/b/btran/work/CMSSW_5_3_20/module
DEBUG 2016-11-16 23:47:05,201: 	 Adding data directory /afs/cern.ch/user/b/btran/work/CMSSW_5_3_20/src/CascadeV2pPb2013/CascadeV2pPb2013Analyzer/interface to tarball
DEBUG 2016-11-16 23:47:05,230: 	 Adding data directory /afs/cern.ch/user/b/btran/work/CMSSW_5_3_20/src/XiAnalyzer/XiAnalyzer/interface to tarball
DEBUG 2016-11-16 23:47:05,238: 	 Adding data directory /afs/cern.ch/user/b/btran/work/CMSSW_5_3_20/src/XiAnalyzer/XiCorrelation/interface to tarball
DEBUG 2016-11-16 23:47:05,245: 	 Adding data directory /afs/cern.ch/user/b/btran/work/CMSSW_5_3_20/src/Filter/Tester/interface to tarball
DEBUG 2016-11-16 23:47:05,252: 	 Adding data directory /afs/cern.ch/user/b/btran/work/CMSSW_5_3_20/src/XiCorrelation/XiCorrelation/interface to tarball
DEBUG 2016-11-16 23:47:05,800: 	 Uploading archive /afs/cern.ch/user/b/btran/work/CMSSW_5_3_20/src/XiAnalyzer/XiAnalyzer/crab/cascadev2ppb2013InvMass/crab_cascadev2ppb2013InvMass/inputs/ad2937f8-221d-4820-b300-a2d36bebcda6default.tgz to the CRAB cache. Using URI https://cmsweb.cern.ch/crabcache
DEBUG 2016-11-16 23:47:12,128: 	 Loading required information from the environment
DEBUG 2016-11-16 23:47:12,128: 	 Found CMSSW_5_3_20 for slc6_amd64_gcc472 with base /afs/cern.ch/user/b/btran/work/CMSSW_5_3_20
DEBUG 2016-11-16 23:47:12,128: 	 Making tarball in /afs/cern.ch/user/b/btran/work/CMSSW_5_3_20/src/XiAnalyzer/XiAnalyzer/crab/cascadev2ppb2013InvMass/crab_cascadev2ppb2013InvMass/inputs/debugFiles.tgz
DEBUG 2016-11-16 23:47:12,132: 	 Uploading archive /afs/cern.ch/user/b/btran/work/CMSSW_5_3_20/src/XiAnalyzer/XiAnalyzer/crab/cascadev2ppb2013InvMass/crab_cascadev2ppb2013InvMass/inputs/debugFiles.tgz to the CRAB cache. Using URI https://cmsweb.cern.ch/crabcache
DEBUG 2016-11-16 23:47:17,639: 	 Result uploading input files: 9226ef3c95f7952edd5230be8099c3eee1594b469d52247dc5a4d77424565e9d.tar.gz 
INFO 2016-11-16 23:47:17,639: 	 Sending the request to the server
DEBUG 2016-11-16 23:47:17,639: 	 Submitting {'maxjobruntime': 1250, 'adduserfiles': [], 'extrajdl': [], 'ignorelocality': 0, 'savelogsflag': 0, 'useparent': 0, 'asyncdest': 'T2_CH_CERN', 'algoargs': 10, 'cachefilename': '9226ef3c95f7952edd5230be8099c3eee1594b469d52247dc5a4d77424565e9d.tar.gz', 'numcores': 1, 'addoutputfiles': [], 'generator': 'pythia', 'maxmemory': 2000, 'publishdbsurl': 'https://cmsweb.cern.ch/dbs/prod/phys03/DBSWriter', 'priority': 10, 'jobsw': 'CMSSW_5_3_20', 'edmoutfiles': [], 'userfiles': [], 'primarydataset': '', 'inputdata': '/PAMinBiasUPC/davidlw-PA2013_FlowCorr_PromptReco_MB_Gplus_Rereco_ReTracking_v18-25c9a89be536a41c8ccb3c75e9fd9358/USER', 'lfn': '/store/group/phys_heavyions/btran/', 'dryrun': 0, 'workflow': 'crab_cascadev2ppb2013InvMass', 'sitewhitelist': ['T2_US_MIT'], 'nonprodsw': 0, 'tfileoutfiles': ['XiAnalysis.root'], 'oneEventMode': 0, 'debugfilename': '08879236ea521b836f7a44b93830733b772b32420dbc49327d4bf9bf0ee98573.tar.gz', 'cacheurl': u'https://cmsweb.cern.ch/crabcache', 'saveoutput': 1, 'publication': 0, 'jobarch': 'slc6_amd64_gcc472', 'totalunits': 0, 'splitalgo': 'FileBased', 'ignoreglobalblacklist': 0, 'nonvaliddata': 0, 'dbsurl': 'https://cmsweb.cern.ch/dbs/prod/phys03/DBSReader', 'publishgroupname': 0, 'jobtype': 'Analysis', 'publishname2': 'pPb_Cascade_Rereco_MB'} 
DEBUG 2016-11-16 23:47:17,640: 	 Encoded submit request: maxjobruntime=1250&ignorelocality=0&savelogsflag=0&useparent=0&asyncdest=T2_CH_CERN&algoargs=10&cachefilename=9226ef3c95f7952edd5230be8099c3eee1594b469d52247dc5a4d77424565e9d.tar.gz&numcores=1&generator=pythia&maxmemory=2000&publishdbsurl=https%3A%2F%2Fcmsweb.cern.ch%2Fdbs%2Fprod%2Fphys03%2FDBSWriter&priority=10&jobsw=CMSSW_5_3_20&primarydataset=&inputdata=%2FPAMinBiasUPC%2Fdavidlw-PA2013_FlowCorr_PromptReco_MB_Gplus_Rereco_ReTracking_v18-25c9a89be536a41c8ccb3c75e9fd9358%2FUSER&lfn=%2Fstore%2Fgroup%2Fphys_heavyions%2Fbtran%2F&dryrun=0&workflow=crab_cascadev2ppb2013InvMass&nonprodsw=0&oneEventMode=0&debugfilename=08879236ea521b836f7a44b93830733b772b32420dbc49327d4bf9bf0ee98573.tar.gz&cacheurl=https%3A%2F%2Fcmsweb.cern.ch%2Fcrabcache&saveoutput=1&publication=0&jobarch=slc6_amd64_gcc472&totalunits=0&splitalgo=FileBased&ignoreglobalblacklist=0&nonvaliddata=0&dbsurl=https%3A%2F%2Fcmsweb.cern.ch%2Fdbs%2Fprod%2Fphys03%2FDBSReader&publishgroupname=0&jobtype=Analysis&publishname2=pPb_Cascade_Rereco_MB&sitewhitelist=T2_US_MIT&tfileoutfiles=XiAnalysis.root
DEBUG 2016-11-16 23:47:24,935: 	 Result: {u'result': [{u'RequestName': u'161116_224724:btran_crab_cascadev2ppb2013InvMass'}]}
INFO 2016-11-16 23:47:24,939: 	 Success: Your task has been delivered to the CRAB3 server.
INFO 2016-11-16 23:47:24,939: 	 Waiting for task to be processed
DEBUG 2016-11-16 23:47:24,939: 	 Start time:2016-11-16 23:47:24
DEBUG 2016-11-16 23:47:24,939: 	 Max wait time: 900 s until : 2016-11-17 00:02:24
INFO 2016-11-16 23:47:24,939: 	 Checking task status
DEBUG 2016-11-16 23:47:24,939: 	 Looking up detailed status of task 161116_224724:btran_crab_cascadev2ppb2013InvMass
DEBUG 2016-11-16 23:47:31,406: 	 Query Time: 2016-11-16 23:47:24 Task status: NEW
INFO 2016-11-16 23:47:31,407: 	 Task status: NEW
INFO 2016-11-16 23:47:31,407: 	 Please wait...
DEBUG 2016-11-16 23:48:01,452: 	 Looking up detailed status of task 161116_224724:btran_crab_cascadev2ppb2013InvMass
DEBUG 2016-11-16 23:48:06,434: 	 Query Time: 2016-11-16 23:48:01 Task status: QUEUED
INFO 2016-11-16 23:48:06,434: 	 Task status: QUEUED
INFO 2016-11-16 23:48:06,434: 	 Please wait...
DEBUG 2016-11-16 23:48:36,466: 	 Looking up detailed status of task 161116_224724:btran_crab_cascadev2ppb2013InvMass
DEBUG 2016-11-16 23:48:40,201: 	 Query Time: 2016-11-16 23:48:36 Task status: QUEUED
INFO 2016-11-16 23:48:40,201: 	 Task status: QUEUED
INFO 2016-11-16 23:48:40,202: 	 Please wait...
DEBUG 2016-11-16 23:49:10,222: 	 Looking up detailed status of task 161116_224724:btran_crab_cascadev2ppb2013InvMass
DEBUG 2016-11-16 23:49:10,657: 	 Query Time: 2016-11-16 23:49:10 Task status: QUEUED
INFO 2016-11-16 23:49:10,657: 	 Task status: QUEUED
INFO 2016-11-16 23:49:10,657: 	 Please wait...
DEBUG 2016-11-16 23:49:40,693: 	 Looking up detailed status of task 161116_224724:btran_crab_cascadev2ppb2013InvMass
DEBUG 2016-11-16 23:49:41,226: 	 Query Time: 2016-11-16 23:49:40 Task status: QUEUED
INFO 2016-11-16 23:49:41,226: 	 Task status: QUEUED
INFO 2016-11-16 23:49:41,226: 	 Please wait...
DEBUG 2016-11-16 23:50:11,254: 	 Looking up detailed status of task 161116_224724:btran_crab_cascadev2ppb2013InvMass
DEBUG 2016-11-16 23:50:11,801: 	 Query Time: 2016-11-16 23:50:11 Task status: QUEUED
INFO 2016-11-16 23:50:11,801: 	 Task status: QUEUED
INFO 2016-11-16 23:50:11,801: 	 Please wait...
DEBUG 2016-11-16 23:50:41,832: 	 Looking up detailed status of task 161116_224724:btran_crab_cascadev2ppb2013InvMass
DEBUG 2016-11-16 23:50:42,369: 	 Query Time: 2016-11-16 23:50:41 Task status: QUEUED
INFO 2016-11-16 23:50:42,370: 	 Task status: QUEUED
INFO 2016-11-16 23:50:42,370: 	 Please wait...
DEBUG 2016-11-16 23:51:12,403: 	 Looking up detailed status of task 161116_224724:btran_crab_cascadev2ppb2013InvMass
DEBUG 2016-11-16 23:51:14,350: 	 Query Time: 2016-11-16 23:51:12 Task status: QUEUED
INFO 2016-11-16 23:51:14,351: 	 Task status: QUEUED
INFO 2016-11-16 23:51:14,351: 	 Please wait...
DEBUG 2016-11-16 23:51:44,383: 	 Looking up detailed status of task 161116_224724:btran_crab_cascadev2ppb2013InvMass
DEBUG 2016-11-16 23:51:45,833: 	 Query Time: 2016-11-16 23:51:44 Task status: QUEUED
INFO 2016-11-16 23:51:45,833: 	 Task status: QUEUED
INFO 2016-11-16 23:51:45,834: 	 Please wait...
DEBUG 2016-11-16 23:52:15,843: 	 Looking up detailed status of task 161116_224724:btran_crab_cascadev2ppb2013InvMass
DEBUG 2016-11-16 23:52:19,864: 	 Query Time: 2016-11-16 23:52:15 Task status: QUEUED
INFO 2016-11-16 23:52:19,864: 	 Task status: QUEUED
INFO 2016-11-16 23:52:19,864: 	 Please wait...
DEBUG 2016-11-16 23:52:49,888: 	 Looking up detailed status of task 161116_224724:btran_crab_cascadev2ppb2013InvMass
DEBUG 2016-11-16 23:53:02,234: 	 Query Time: 2016-11-16 23:52:49 Task status: QUEUED
INFO 2016-11-16 23:53:02,235: 	 Task status: QUEUED
INFO 2016-11-16 23:53:02,235: 	 Please wait...
DEBUG 2016-11-16 23:53:32,266: 	 Looking up detailed status of task 161116_224724:btran_crab_cascadev2ppb2013InvMass
DEBUG 2016-11-16 23:53:39,434: 	 Query Time: 2016-11-16 23:53:32 Task status: QUEUED
INFO 2016-11-16 23:53:39,434: 	 Task status: QUEUED
INFO 2016-11-16 23:53:39,434: 	 Please wait...
DEBUG 2016-11-16 23:54:09,462: 	 Looking up detailed status of task 161116_224724:btran_crab_cascadev2ppb2013InvMass
DEBUG 2016-11-16 23:54:13,849: 	 Query Time: 2016-11-16 23:54:09 Task status: SUBMITTED
INFO 2016-11-16 23:54:13,850: 	 Task status: SUBMITTED
INFO 2016-11-16 23:54:13,851: 	 Success: Your task has been processed and your jobs have been submitted successfully.
DEBUG 2016-11-16 23:54:13,851: 	 Ended submission process.
DEBUG 2016-11-16 23:54:13,851: 	 About to return
INFO 2016-11-16 23:54:13,861: 	 Log file is /afs/cern.ch/user/b/btran/work/CMSSW_5_3_20/src/XiAnalyzer/XiAnalyzer/crab/cascadev2ppb2013InvMass/crab_cascadev2ppb2013InvMass/crab.log
DEBUG 2016-11-17 00:01:37,859: 	 Executing command: 'status'
DEBUG 2016-11-17 00:01:37,861: 	 Found CRAB cache file /afs/cern.ch/user/b/btran/.crab3
DEBUG 2016-11-17 00:01:37,879: 	 Checking credentials
DEBUG 2016-11-17 00:01:37,880: 	 Found proxy file /tmp/x509up_u80051
DEBUG 2016-11-17 00:01:37,880: 	 Getting proxy life time left
DEBUG 2016-11-17 00:01:38,586: 	 Executing : 
 command : voms-proxy-info -file /tmp/x509up_u80051 -timeleft
 output : 84486

 error: 
 retcode : 0
DEBUG 2016-11-17 00:01:39,195: 	 Executing : 
 command : voms-proxy-info -file /tmp/x509up_u80051 -actimeleft
 output : 84485

 error: 
 retcode : 0
DEBUG 2016-11-17 00:01:39,195: 	 Proxy valid for 23:28:06 hours
DEBUG 2016-11-17 00:01:39,323: 	 Executing : 
 command : openssl x509 -in ~/.globus/usercert.pem -subject -noout
 output : subject= /DC=ch/DC=cern/OU=Organic Units/OU=Users/CN=btran/CN=768639/CN=Benjamin Lucky Tran

 error: 
 retcode : 0
DEBUG 2016-11-17 00:01:39,324: 	 Checking credentials
DEBUG 2016-11-17 00:01:39,324: 	 Found proxy file /tmp/x509up_u80051
DEBUG 2016-11-17 00:01:39,324: 	 Getting proxy life time left
DEBUG 2016-11-17 00:01:39,930: 	 Executing : 
 command : voms-proxy-info -file /tmp/x509up_u80051 -timeleft
 output : 84485

 error: 
 retcode : 0
DEBUG 2016-11-17 00:01:40,534: 	 Executing : 
 command : voms-proxy-info -file /tmp/x509up_u80051 -actimeleft
 output : 84484

 error: 
 retcode : 0
DEBUG 2016-11-17 00:01:40,534: 	 Proxy valid for 23:28:05 hours
DEBUG 2016-11-17 00:01:40,973: 	 Registering user credentials for server /DC=ch/DC=cern/OU=computers/CN=vocms(045|052|021|031|0118|0118a|0119|0108).cern.ch
DEBUG 2016-11-17 00:01:41,096: 	 Executing : 
 command : openssl x509 -in ~/.globus/usercert.pem -subject -noout
 output : subject= /DC=ch/DC=cern/OU=Organic Units/OU=Users/CN=btran/CN=768639/CN=Benjamin Lucky Tran

 error: 
 retcode : 0
DEBUG 2016-11-17 00:01:41,097: 	 Getting myproxy life time left for myproxy.cern.ch
DEBUG 2016-11-17 00:01:41,097: 	 Calculating hash of /DC=ch/DC=cern/OU=Organic Units/OU=Users/CN=btran/CN=768639/CN=Benjamin Lucky Tran_cmsweb.cern.ch for credential name
DEBUG 2016-11-17 00:01:41,602: 	 Executing : 
 command : myproxy-info -l 389e31345499efe30bcc806d316d8722615d7660 -s myproxy.cern.ch
 output : username: 389e31345499efe30bcc806d316d8722615d7660
owner: /DC=ch/DC=cern/OU=Organic Units/OU=Users/CN=btran/CN=768639/CN=Benjamin Lucky Tran
  renewal policy: /DC=ch/DC=cern/OU=computers/CN=vocms(045|052|021|031|0118|0118a|0119|0108).cern.ch
  trusted retrieval policy: /DC=ch/DC=cern/OU=computers/CN=vocms(045|052|021|031|0118|0118a|0119|0108).cern.ch
  timeleft: 719:28:22  (30.0 days)

 error: 
 retcode : 0
DEBUG 2016-11-17 00:01:41,603: 	 Myproxy is valid: 2590102
DEBUG 2016-11-17 00:01:41,603: 	 Command use: status
DEBUG 2016-11-17 00:01:41,603: 	 Options use: []
DEBUG 2016-11-17 00:01:42,014: 	 CRABClient version: 3.3.1611
DEBUG 2016-11-17 00:01:42,014: 	 Instance is prod
DEBUG 2016-11-17 00:01:42,014: 	 Server base url is cmsweb.cern.ch
DEBUG 2016-11-17 00:01:42,014: 	 Command url /crabserver/prod/workflow
DEBUG 2016-11-17 00:01:42,014: 	 Looking up detailed status of task 161116_224724:btran_crab_cascadev2ppb2013InvMass
DEBUG 2016-11-17 00:01:49,657: 	 {u'status': u'SUBMITTED', u'username': u'btran', u'totalJobdefs': 0, u'jobsPerStatus': {}, u'taskWarningMsg': [u'Task has not yet bootstrapped. Retry in a minute if you just submitted the task.'], u'schedd': u'crab3@vocms0119.cern.ch', u'statusFailureMsg': u'', u'taskFailureMsg': u'', u'failedJobdefs': 0, u'command': u'SUBMIT', u'submissionTime': 1479336444, u'jobdefErrors': [], u'collector': u'cmsgwms-collector-global.cern.ch,cmssrv221.fnal.gov', u'jobList': []}
INFO 2016-11-17 00:01:49,657: 	 CRAB project directory:		/afs/cern.ch/user/b/btran/work/CMSSW_5_3_20/src/XiAnalyzer/XiAnalyzer/crab/cascadev2ppb2013InvMass/crab_cascadev2ppb2013InvMass
INFO 2016-11-17 00:01:49,658: 	 Task name:			161116_224724:btran_crab_cascadev2ppb2013InvMass
INFO 2016-11-17 00:01:49,658: 	 Grid scheduler:			crab3@vocms0119.cern.ch
INFO 2016-11-17 00:01:49,658: 	 Task status:			SUBMITTED
INFO 2016-11-17 00:01:49,658: 	 Dashboard monitoring URL:	http://dashb-cms-job.cern.ch/dashboard/templates/task-analysis/#user=btran&table=Mains&pattern=161116_224724%3Abtran_crab_cascadev2ppb2013InvMass
WARNING 2016-11-17 00:01:49,658: 	 Warning:			Task has not yet bootstrapped. Retry in a minute if you just submitted the task.
INFO 2016-11-17 00:01:49,658: 	 
No jobs created yet!
INFO 2016-11-17 00:01:49,660: 	 Log file is /afs/cern.ch/user/b/btran/work/CMSSW_5_3_20/src/XiAnalyzer/XiAnalyzer/crab/cascadev2ppb2013InvMass/crab_cascadev2ppb2013InvMass/crab.log
DEBUG 2016-11-17 00:17:06,437: 	 Executing command: 'status'
DEBUG 2016-11-17 00:17:06,437: 	 Found CRAB cache file /afs/cern.ch/user/b/btran/.crab3
DEBUG 2016-11-17 00:17:06,449: 	 Checking credentials
DEBUG 2016-11-17 00:17:06,450: 	 Found proxy file /tmp/x509up_u80051
DEBUG 2016-11-17 00:17:06,450: 	 Getting proxy life time left
DEBUG 2016-11-17 00:17:07,055: 	 Executing : 
 command : voms-proxy-info -file /tmp/x509up_u80051 -timeleft
 output : 83558

 error: 
 retcode : 0
DEBUG 2016-11-17 00:17:07,660: 	 Executing : 
 command : voms-proxy-info -file /tmp/x509up_u80051 -actimeleft
 output : 83557

 error: 
 retcode : 0
DEBUG 2016-11-17 00:17:07,660: 	 Proxy valid for 23:12:38 hours
DEBUG 2016-11-17 00:17:07,805: 	 Executing : 
 command : openssl x509 -in ~/.globus/usercert.pem -subject -noout
 output : subject= /DC=ch/DC=cern/OU=Organic Units/OU=Users/CN=btran/CN=768639/CN=Benjamin Lucky Tran

 error: 
 retcode : 0
DEBUG 2016-11-17 00:17:07,805: 	 Checking credentials
DEBUG 2016-11-17 00:17:07,805: 	 Found proxy file /tmp/x509up_u80051
DEBUG 2016-11-17 00:17:07,805: 	 Getting proxy life time left
DEBUG 2016-11-17 00:17:08,310: 	 Executing : 
 command : voms-proxy-info -file /tmp/x509up_u80051 -timeleft
 output : 83556

 error: 
 retcode : 0
DEBUG 2016-11-17 00:17:08,820: 	 Executing : 
 command : voms-proxy-info -file /tmp/x509up_u80051 -actimeleft
 output : 83556

 error: 
 retcode : 0
DEBUG 2016-11-17 00:17:08,820: 	 Proxy valid for 23:12:36 hours
DEBUG 2016-11-17 00:17:25,658: 	 Registering user credentials for server /DC=ch/DC=cern/OU=computers/CN=vocms(045|052|021|031|0118|0118a|0119|0108).cern.ch
DEBUG 2016-11-17 00:17:25,770: 	 Executing : 
 command : openssl x509 -in ~/.globus/usercert.pem -subject -noout
 output : subject= /DC=ch/DC=cern/OU=Organic Units/OU=Users/CN=btran/CN=768639/CN=Benjamin Lucky Tran

 error: 
 retcode : 0
DEBUG 2016-11-17 00:17:25,770: 	 Getting myproxy life time left for myproxy.cern.ch
DEBUG 2016-11-17 00:17:25,770: 	 Calculating hash of /DC=ch/DC=cern/OU=Organic Units/OU=Users/CN=btran/CN=768639/CN=Benjamin Lucky Tran_cmsweb.cern.ch for credential name
DEBUG 2016-11-17 00:17:26,173: 	 Executing : 
 command : myproxy-info -l 389e31345499efe30bcc806d316d8722615d7660 -s myproxy.cern.ch
 output : username: 389e31345499efe30bcc806d316d8722615d7660
owner: /DC=ch/DC=cern/OU=Organic Units/OU=Users/CN=btran/CN=768639/CN=Benjamin Lucky Tran
  renewal policy: /DC=ch/DC=cern/OU=computers/CN=vocms(045|052|021|031|0118|0118a|0119|0108).cern.ch
  trusted retrieval policy: /DC=ch/DC=cern/OU=computers/CN=vocms(045|052|021|031|0118|0118a|0119|0108).cern.ch
  timeleft: 719:12:37  (30.0 days)

 error: 
 retcode : 0
DEBUG 2016-11-17 00:17:26,174: 	 Myproxy is valid: 2589157
DEBUG 2016-11-17 00:17:26,175: 	 Command use: status
DEBUG 2016-11-17 00:17:26,175: 	 Options use: []
DEBUG 2016-11-17 00:17:33,003: 	 CRABClient version: 3.3.1611
DEBUG 2016-11-17 00:17:33,003: 	 Instance is prod
DEBUG 2016-11-17 00:17:33,003: 	 Server base url is cmsweb.cern.ch
DEBUG 2016-11-17 00:17:33,003: 	 Command url /crabserver/prod/workflow
DEBUG 2016-11-17 00:17:33,004: 	 Looking up detailed status of task 161116_224724:btran_crab_cascadev2ppb2013InvMass
DEBUG 2016-11-17 00:17:45,338: 	 {u'status': u'SUBMITTED', u'username': u'btran', u'totalJobdefs': 0, u'jobsPerStatus': {}, u'taskWarningMsg': [u'Task has not yet bootstrapped. Retry in a minute if you just submitted the task.'], u'schedd': u'crab3@vocms0119.cern.ch', u'statusFailureMsg': u'', u'taskFailureMsg': u'', u'failedJobdefs': 0, u'command': u'SUBMIT', u'submissionTime': 1479336444, u'jobdefErrors': [], u'collector': u'cmsgwms-collector-global.cern.ch,cmssrv221.fnal.gov', u'jobList': []}
INFO 2016-11-17 00:17:45,338: 	 CRAB project directory:		/afs/cern.ch/user/b/btran/work/CMSSW_5_3_20/src/XiAnalyzer/XiAnalyzer/crab/cascadev2ppb2013InvMass/crab_cascadev2ppb2013InvMass
INFO 2016-11-17 00:17:45,338: 	 Task name:			161116_224724:btran_crab_cascadev2ppb2013InvMass
INFO 2016-11-17 00:17:45,338: 	 Grid scheduler:			crab3@vocms0119.cern.ch
INFO 2016-11-17 00:17:45,338: 	 Task status:			SUBMITTED
INFO 2016-11-17 00:17:45,338: 	 Dashboard monitoring URL:	http://dashb-cms-job.cern.ch/dashboard/templates/task-analysis/#user=btran&table=Mains&pattern=161116_224724%3Abtran_crab_cascadev2ppb2013InvMass
WARNING 2016-11-17 00:17:45,338: 	 Warning:			Task has not yet bootstrapped. Retry in a minute if you just submitted the task.
INFO 2016-11-17 00:17:45,338: 	 
No jobs created yet!
INFO 2016-11-17 00:17:45,341: 	 Log file is /afs/cern.ch/user/b/btran/work/CMSSW_5_3_20/src/XiAnalyzer/XiAnalyzer/crab/cascadev2ppb2013InvMass/crab_cascadev2ppb2013InvMass/crab.log
DEBUG 2016-11-17 05:22:57,894: 	 Executing command: 'status'
DEBUG 2016-11-17 05:22:57,896: 	 Found CRAB cache file /afs/cern.ch/user/b/btran/.crab3
DEBUG 2016-11-17 05:22:57,905: 	 Checking credentials
DEBUG 2016-11-17 05:22:57,906: 	 Found proxy file /tmp/x509up_u80051
DEBUG 2016-11-17 05:22:57,906: 	 Getting proxy life time left
DEBUG 2016-11-17 05:22:58,409: 	 Executing : 
 command : voms-proxy-info -file /tmp/x509up_u80051 -timeleft
 output : 604786

 error: 
 retcode : 0
DEBUG 2016-11-17 05:22:58,813: 	 Executing : 
 command : voms-proxy-info -file /tmp/x509up_u80051 -actimeleft
 output : 604786

 error: 
 retcode : 0
DEBUG 2016-11-17 05:22:58,813: 	 Proxy valid for 167:59:46 hours
DEBUG 2016-11-17 05:22:58,927: 	 Executing : 
 command : openssl x509 -in ~/.globus/usercert.pem -subject -noout
 output : subject= /DC=ch/DC=cern/OU=Organic Units/OU=Users/CN=btran/CN=768639/CN=Benjamin Lucky Tran

 error: 
 retcode : 0
DEBUG 2016-11-17 05:22:58,927: 	 Checking credentials
DEBUG 2016-11-17 05:22:58,927: 	 Found proxy file /tmp/x509up_u80051
DEBUG 2016-11-17 05:22:58,927: 	 Getting proxy life time left
DEBUG 2016-11-17 05:22:59,330: 	 Executing : 
 command : voms-proxy-info -file /tmp/x509up_u80051 -timeleft
 output : 604785

 error: 
 retcode : 0
DEBUG 2016-11-17 05:22:59,733: 	 Executing : 
 command : voms-proxy-info -file /tmp/x509up_u80051 -actimeleft
 output : 604785

 error: 
 retcode : 0
DEBUG 2016-11-17 05:22:59,733: 	 Proxy valid for 167:59:45 hours
DEBUG 2016-11-17 05:23:05,422: 	 Registering user credentials for server /DC=ch/DC=cern/OU=computers/CN=vocms(045|052|021|031|0118|0118a|0119|0108).cern.ch
DEBUG 2016-11-17 05:23:05,528: 	 Executing : 
 command : openssl x509 -in ~/.globus/usercert.pem -subject -noout
 output : subject= /DC=ch/DC=cern/OU=Organic Units/OU=Users/CN=btran/CN=768639/CN=Benjamin Lucky Tran

 error: 
 retcode : 0
DEBUG 2016-11-17 05:23:05,528: 	 Getting myproxy life time left for myproxy.cern.ch
DEBUG 2016-11-17 05:23:05,528: 	 Calculating hash of /DC=ch/DC=cern/OU=Organic Units/OU=Users/CN=btran/CN=768639/CN=Benjamin Lucky Tran_cmsweb.cern.ch for credential name
DEBUG 2016-11-17 05:23:06,031: 	 Executing : 
 command : myproxy-info -l 389e31345499efe30bcc806d316d8722615d7660 -s myproxy.cern.ch
 output : username: 389e31345499efe30bcc806d316d8722615d7660
owner: /DC=ch/DC=cern/OU=Organic Units/OU=Users/CN=btran/CN=768639/CN=Benjamin Lucky Tran
  renewal policy: /DC=ch/DC=cern/OU=computers/CN=vocms(045|052|021|031|0118|0118a|0119|0108).cern.ch
  trusted retrieval policy: /DC=ch/DC=cern/OU=computers/CN=vocms(045|052|021|031|0118|0118a|0119|0108).cern.ch
  timeleft: 714:06:58  (29.8 days)

 error: 
 retcode : 0
DEBUG 2016-11-17 05:23:06,032: 	 Myproxy is valid: 2570818
DEBUG 2016-11-17 05:23:06,032: 	 Command use: status
DEBUG 2016-11-17 05:23:06,032: 	 Options use: []
DEBUG 2016-11-17 05:23:13,306: 	 CRABClient version: 3.3.1611
DEBUG 2016-11-17 05:23:13,306: 	 Instance is prod
DEBUG 2016-11-17 05:23:13,306: 	 Server base url is cmsweb.cern.ch
DEBUG 2016-11-17 05:23:13,306: 	 Command url /crabserver/prod/workflow
DEBUG 2016-11-17 05:23:13,306: 	 Looking up detailed status of task 161116_224724:btran_crab_cascadev2ppb2013InvMass
DEBUG 2016-11-17 05:23:21,440: 	 {u'status': u'SUBMITTED', u'username': u'btran', u'totalJobdefs': 0, u'jobsPerStatus': {}, u'taskWarningMsg': [u'Task has not yet bootstrapped. Retry in a minute if you just submitted the task.'], u'schedd': u'crab3@vocms0119.cern.ch', u'statusFailureMsg': u'', u'taskFailureMsg': u'', u'failedJobdefs': 0, u'command': u'SUBMIT', u'submissionTime': 1479336444, u'jobdefErrors': [], u'collector': u'cmsgwms-collector-global.cern.ch,cmssrv221.fnal.gov', u'jobList': []}
INFO 2016-11-17 05:23:21,440: 	 CRAB project directory:		/afs/cern.ch/user/b/btran/work/CMSSW_5_3_20/src/XiAnalyzer/XiAnalyzer/crab/cascadev2ppb2013InvMass/crab_cascadev2ppb2013InvMass
INFO 2016-11-17 05:23:21,440: 	 Task name:			161116_224724:btran_crab_cascadev2ppb2013InvMass
INFO 2016-11-17 05:23:21,440: 	 Grid scheduler:			crab3@vocms0119.cern.ch
INFO 2016-11-17 05:23:21,440: 	 Task status:			SUBMITTED
INFO 2016-11-17 05:23:21,440: 	 Dashboard monitoring URL:	http://dashb-cms-job.cern.ch/dashboard/templates/task-analysis/#user=btran&table=Mains&pattern=161116_224724%3Abtran_crab_cascadev2ppb2013InvMass
WARNING 2016-11-17 05:23:21,440: 	 Warning:			Task has not yet bootstrapped. Retry in a minute if you just submitted the task.
INFO 2016-11-17 05:23:21,440: 	 
No jobs created yet!
INFO 2016-11-17 05:23:21,445: 	 Log file is /afs/cern.ch/user/b/btran/work/CMSSW_5_3_20/src/XiAnalyzer/XiAnalyzer/crab/cascadev2ppb2013InvMass/crab_cascadev2ppb2013InvMass/crab.log
DEBUG 2016-11-17 15:03:16,668: 	 Executing command: 'status'
DEBUG 2016-11-17 15:03:16,669: 	 Found CRAB cache file /afs/cern.ch/user/b/btran/.crab3
DEBUG 2016-11-17 15:03:16,754: 	 Checking credentials
DEBUG 2016-11-17 15:03:16,755: 	 Found proxy file /tmp/x509up_u80051
DEBUG 2016-11-17 15:03:16,755: 	 Getting proxy life time left
DEBUG 2016-11-17 15:03:17,267: 	 Executing : 
 command : voms-proxy-info -file /tmp/x509up_u80051 -timeleft
 output : 604787

 error: 
 retcode : 0
DEBUG 2016-11-17 15:03:17,772: 	 Executing : 
 command : voms-proxy-info -file /tmp/x509up_u80051 -actimeleft
 output : 604787

 error: 
 retcode : 0
DEBUG 2016-11-17 15:03:17,773: 	 Proxy valid for 167:59:47 hours
DEBUG 2016-11-17 15:03:17,928: 	 Executing : 
 command : openssl x509 -in ~/.globus/usercert.pem -subject -noout
 output : subject= /DC=ch/DC=cern/OU=Organic Units/OU=Users/CN=btran/CN=768639/CN=Benjamin Lucky Tran

 error: 
 retcode : 0
DEBUG 2016-11-17 15:03:17,928: 	 Checking credentials
DEBUG 2016-11-17 15:03:17,928: 	 Found proxy file /tmp/x509up_u80051
DEBUG 2016-11-17 15:03:17,928: 	 Getting proxy life time left
DEBUG 2016-11-17 15:03:18,433: 	 Executing : 
 command : voms-proxy-info -file /tmp/x509up_u80051 -timeleft
 output : 604786

 error: 
 retcode : 0
DEBUG 2016-11-17 15:03:18,939: 	 Executing : 
 command : voms-proxy-info -file /tmp/x509up_u80051 -actimeleft
 output : 604786

 error: 
 retcode : 0
DEBUG 2016-11-17 15:03:18,940: 	 Proxy valid for 167:59:46 hours
DEBUG 2016-11-17 15:03:32,708: 	 Registering user credentials for server /DC=ch/DC=cern/OU=computers/CN=vocms(045|052|021|031|0118|0118a|0119|0108).cern.ch
DEBUG 2016-11-17 15:03:32,822: 	 Executing : 
 command : openssl x509 -in ~/.globus/usercert.pem -subject -noout
 output : subject= /DC=ch/DC=cern/OU=Organic Units/OU=Users/CN=btran/CN=768639/CN=Benjamin Lucky Tran

 error: 
 retcode : 0
DEBUG 2016-11-17 15:03:32,822: 	 Getting myproxy life time left for myproxy.cern.ch
DEBUG 2016-11-17 15:03:32,822: 	 Calculating hash of /DC=ch/DC=cern/OU=Organic Units/OU=Users/CN=btran/CN=768639/CN=Benjamin Lucky Tran_cmsweb.cern.ch for credential name
DEBUG 2016-11-17 15:03:33,330: 	 Executing : 
 command : myproxy-info -l 389e31345499efe30bcc806d316d8722615d7660 -s myproxy.cern.ch
 output : username: 389e31345499efe30bcc806d316d8722615d7660
owner: /DC=ch/DC=cern/OU=Organic Units/OU=Users/CN=btran/CN=768639/CN=Benjamin Lucky Tran
  renewal policy: /DC=ch/DC=cern/OU=computers/CN=vocms(045|052|021|031|0118|0118a|0119|0108).cern.ch
  trusted retrieval policy: /DC=ch/DC=cern/OU=computers/CN=vocms(045|052|021|031|0118|0118a|0119|0108).cern.ch
  timeleft: 704:26:30  (29.4 days)

 error: 
 retcode : 0
DEBUG 2016-11-17 15:03:33,331: 	 Myproxy is valid: 2535990
DEBUG 2016-11-17 15:03:33,331: 	 Command use: status
DEBUG 2016-11-17 15:03:33,331: 	 Options use: []
DEBUG 2016-11-17 15:03:45,330: 	 CRABClient version: 3.3.1611
DEBUG 2016-11-17 15:03:45,330: 	 Instance is prod
DEBUG 2016-11-17 15:03:45,330: 	 Server base url is cmsweb.cern.ch
DEBUG 2016-11-17 15:03:45,330: 	 Command url /crabserver/prod/workflow
DEBUG 2016-11-17 15:03:45,330: 	 Looking up detailed status of task 161116_224724:btran_crab_cascadev2ppb2013InvMass
DEBUG 2016-11-17 15:04:09,455: 	 {u'status': u'SUBMITTED', u'username': u'btran', u'totalJobdefs': 0, u'jobsPerStatus': {}, u'taskWarningMsg': [u'Task has not yet bootstrapped. Retry in a minute if you just submitted the task.'], u'schedd': u'crab3@vocms0119.cern.ch', u'statusFailureMsg': u'', u'taskFailureMsg': u'', u'failedJobdefs': 0, u'command': u'SUBMIT', u'submissionTime': 1479336444, u'jobdefErrors': [], u'collector': u'cmsgwms-collector-global.cern.ch,cmssrv221.fnal.gov', u'jobList': []}
INFO 2016-11-17 15:04:09,456: 	 CRAB project directory:		/afs/cern.ch/user/b/btran/work/CMSSW_5_3_20/src/XiAnalyzer/XiAnalyzer/crab/cascadev2ppb2013InvMass/crab_cascadev2ppb2013InvMass
INFO 2016-11-17 15:04:09,456: 	 Task name:			161116_224724:btran_crab_cascadev2ppb2013InvMass
INFO 2016-11-17 15:04:09,456: 	 Grid scheduler:			crab3@vocms0119.cern.ch
INFO 2016-11-17 15:04:09,457: 	 Task status:			SUBMITTED
INFO 2016-11-17 15:04:09,457: 	 Dashboard monitoring URL:	http://dashb-cms-job.cern.ch/dashboard/templates/task-analysis/#user=btran&table=Mains&pattern=161116_224724%3Abtran_crab_cascadev2ppb2013InvMass
WARNING 2016-11-17 15:04:09,457: 	 Warning:			Task has not yet bootstrapped. Retry in a minute if you just submitted the task.
INFO 2016-11-17 15:04:09,457: 	 
No jobs created yet!
INFO 2016-11-17 15:04:09,526: 	 Log file is /afs/cern.ch/user/b/btran/work/CMSSW_5_3_20/src/XiAnalyzer/XiAnalyzer/crab/cascadev2ppb2013InvMass/crab_cascadev2ppb2013InvMass/crab.log
DEBUG 2016-11-17 21:43:58,489: 	 Executing command: 'status'
DEBUG 2016-11-17 21:43:58,490: 	 Found CRAB cache file /afs/cern.ch/user/b/btran/.crab3
DEBUG 2016-11-17 21:43:58,557: 	 Checking credentials
DEBUG 2016-11-17 21:43:58,564: 	 Found proxy file /tmp/x509up_u80051
DEBUG 2016-11-17 21:43:58,564: 	 Getting proxy life time left
DEBUG 2016-11-17 21:43:59,069: 	 Executing : 
 command : voms-proxy-info -file /tmp/x509up_u80051 -timeleft
 output : 604786

 error: 
 retcode : 0
DEBUG 2016-11-17 21:43:59,777: 	 Executing : 
 command : voms-proxy-info -file /tmp/x509up_u80051 -actimeleft
 output : 604786

 error: 
 retcode : 0
DEBUG 2016-11-17 21:43:59,778: 	 Proxy valid for 167:59:46 hours
DEBUG 2016-11-17 21:43:59,951: 	 Executing : 
 command : openssl x509 -in ~/.globus/usercert.pem -subject -noout
 output : subject= /DC=ch/DC=cern/OU=Organic Units/OU=Users/CN=btran/CN=768639/CN=Benjamin Lucky Tran

 error: 
 retcode : 0
DEBUG 2016-11-17 21:43:59,951: 	 Checking credentials
DEBUG 2016-11-17 21:43:59,951: 	 Found proxy file /tmp/x509up_u80051
DEBUG 2016-11-17 21:43:59,952: 	 Getting proxy life time left
DEBUG 2016-11-17 21:44:00,674: 	 Executing : 
 command : voms-proxy-info -file /tmp/x509up_u80051 -timeleft
 output : 604785

 error: 
 retcode : 0
DEBUG 2016-11-17 21:44:01,386: 	 Executing : 
 command : voms-proxy-info -file /tmp/x509up_u80051 -actimeleft
 output : 604784

 error: 
 retcode : 0
DEBUG 2016-11-17 21:44:01,386: 	 Proxy valid for 167:59:45 hours
DEBUG 2016-11-17 21:44:01,816: 	 Registering user credentials for server /DC=ch/DC=cern/OU=computers/CN=vocms(045|052|021|031|0118|0118a|0119|0108).cern.ch
DEBUG 2016-11-17 21:44:01,925: 	 Executing : 
 command : openssl x509 -in ~/.globus/usercert.pem -subject -noout
 output : subject= /DC=ch/DC=cern/OU=Organic Units/OU=Users/CN=btran/CN=768639/CN=Benjamin Lucky Tran

 error: 
 retcode : 0
DEBUG 2016-11-17 21:44:01,925: 	 Getting myproxy life time left for myproxy.cern.ch
DEBUG 2016-11-17 21:44:01,925: 	 Calculating hash of /DC=ch/DC=cern/OU=Organic Units/OU=Users/CN=btran/CN=768639/CN=Benjamin Lucky Tran_cmsweb.cern.ch for credential name
DEBUG 2016-11-17 21:44:02,744: 	 Executing : 
 command : myproxy-info -l 389e31345499efe30bcc806d316d8722615d7660 -s myproxy.cern.ch
 output : username: 389e31345499efe30bcc806d316d8722615d7660
owner: /DC=ch/DC=cern/OU=Organic Units/OU=Users/CN=btran/CN=768639/CN=Benjamin Lucky Tran
  renewal policy: /DC=ch/DC=cern/OU=computers/CN=vocms(045|052|021|031|0118|0118a|0119|0108).cern.ch
  trusted retrieval policy: /DC=ch/DC=cern/OU=computers/CN=vocms(045|052|021|031|0118|0118a|0119|0108).cern.ch
  timeleft: 697:46:01  (29.1 days)

 error: 
 retcode : 0
DEBUG 2016-11-17 21:44:02,745: 	 Myproxy is valid: 2511961
DEBUG 2016-11-17 21:44:02,746: 	 Command use: status
DEBUG 2016-11-17 21:44:02,746: 	 Options use: []
DEBUG 2016-11-17 21:44:03,251: 	 CRABClient version: 3.3.1611
DEBUG 2016-11-17 21:44:03,252: 	 Instance is prod
DEBUG 2016-11-17 21:44:03,252: 	 Server base url is cmsweb.cern.ch
DEBUG 2016-11-17 21:44:03,252: 	 Command url /crabserver/prod/workflow
DEBUG 2016-11-17 21:44:03,252: 	 Looking up detailed status of task 161116_224724:btran_crab_cascadev2ppb2013InvMass
DEBUG 2016-11-17 21:44:19,641: 	 {u'status': u'SUBMITTED', u'username': u'btran', u'jobsPerStatus': {u'failed': 8, u'finished': 109, u'transferring': 20, u'running': 2}, u'jobs': {u'133': {u'State': u'transferring'}, u'132': {u'State': u'finished'}, u'131': {u'State': u'transferring'}, u'130': {u'State': u'transferring'}, u'137': {u'State': u'finished'}, u'136': {u'State': u'failed', u'Error': [90000, u'Stageout failure: ', {}]}, u'135': {u'State': u'failed', u'Error': [60311, u'CmsCpFailure\ncmscp error message follows.\nError during direct stageout:\nStageOutFailure\nMessage: Failure in direct stage out:\nStageOutError\nMessage: 2016-11-17T14:34:38 : Command exited non-zero\n\tErrorCode : 60311\n\tModuleName : WMCore.Storage.StageOutError\n\tMethodName : __init__\n\tErrorType : GeneralStageOutFailure\n\tClassInstance : None\n\tFileName : WMCore.zip/WMCore/Storage/StageOutError.py\n\tClassName : None\n\tCommand : #!/bin/bash\nenv -i X509_USER_PROXY=$X509_USER_PROXY JOBSTARTDIR=$JOBSTARTDIR bash -c \'. $JOBSTARTDIR/startup_environment.sh; date; gfal-copy -t 2400 -T 2400 -p -K adler32  file:///tmp/glide_4o6Mcs/execute/dir_1831/XiAnalysis.root gsiftp://eoscmsftp.cern.ch//eos/cms/store/group/phys_heavyions/btran/PAMinBiasUPC/pPb_Cascade_Rereco_MB/161116_224724/0000/XiAnalysis_135.root\'\n            EXIT_STATUS=$?\n            echo "gfal-copy exit status: $EXIT_STATUS"\n            if [[ $EXIT_STATUS != 0 ]]; then\n               echo "Non-zero gfal-copy Exit status!!!"\n               echo "Cleaning up failed file:"\n                env -i X509_USER_PROXY=$X509_USER_PROXY JOBSTARTDIR=$JOBSTARTDIR bash -c \'. $JOBSTARTDIR/startup_environment.sh; date; gfal-rm -t 600 gsiftp://eoscmsftp.cern.ch//eos/cms/store/group/phys_heavyions/btran/PAMinBiasUPC/pPb_Cascade_Rereco_MB/161116_224724/0000/XiAnalysis_135.root \'\n               exit 60311\n            fi\n            exit 0\n            \n\tLineNumber : 32\n\tErrorNr : 0\n\tExitCode : 23\n\nTraceback: \n  File "WMCore.zip/WMCore/Storage/StageOutImpl.py", line 213, in __call__\n    self.executeCommand(command)\n\n  File "WMCore.zip/WMCore/Storage/StageOutImpl.py", line 91, in executeCommand\n    raise StageOutError(msg, Command=command, ExitCode=exitCode)\n\n\nTraceback (most recent call last):\n  File "cmscp.py", line 737, in perform_direct_stageout\n    source_file, dest_pfn, None, None)\n  File "WMCore.zip/WMCore/Storage/StageOutImpl.py", line 224, in __call__\n    raise ex\nStageOutError: StageOutError\nMessage: 2016-11-17T14:34:38 : Command exited non-zero\n\tErrorCode : 60311\n\tModuleName : WMCore.Storage.StageOutError\n\tMethodName : __init__\n\tErrorType : GeneralStageOutFailure\n\tClassInstance : None\n\tFileName : WMCore.zip/WMCore/Storage/StageOutError.py\n\tClassName : None\n\tCommand : #!/bin/bash\nenv -i X509_USER_PROXY=$X509_USER_PROXY JOBSTARTDIR=$JOBSTARTDIR bash -c \'. $JOBSTARTDIR/startup_environment.sh; date; gfal-copy -t 2400 -T 2400 -p -K adler32  file:///tmp/glide_4o6Mcs/execute/dir_1831/XiAnalysis.root gsiftp://eoscmsftp.cern.ch//eos/cms/store/group/phys_heavyions/btran/PAMinBiasUPC/pPb_Cascade_Rereco_MB/161116_224724/0000/XiAnalysis_135.root\'\n            EXIT_STATUS=$?\n            echo "gfal-copy exit status: $EXIT_STATUS"\n            if [[ $EXIT_STATUS != 0 ]]; then\n               echo "Non-zero gfal-copy Exit status!!!"\n               echo "Cleaning up failed file:"\n                env -i X509_USER_PROXY=$X509_USER_PROXY JOBSTARTDIR=$JOBSTARTDIR bash -c \'. $JOBSTARTDIR/startup_environment.sh; date; gfal-rm -t 600 gsiftp://eoscmsftp.cern.ch//eos/cms/store/group/phys_heavyions/btran/PAMinBiasUPC/pPb_Cascade_Rereco_MB/161116_224724/0000/XiAnalysis_135.root \'\n               exit 60311\n            fi\n            exit 0\n            \n\tLineNumber : 32\n\tErrorNr : 0\n\tExitCode : 23\n\nTraceback: \n  File "WMCore.zip/WMCore/Storage/StageOutImpl.py", line 213, in __call__\n    self.executeCommand(command)\n\n  File "WMCore.zip/WMCore/Storage/StageOutImpl.py", line 91, in executeCommand\n    raise StageOutError(msg, Command=command, ExitCode=exitCode)\n\n\n\n\tTargetPFN : gsiftp://eoscmsftp.cern.ch//eos/cms/store/group/phys_heavyions/btran/PAMinBiasUPC/pPb_Cascade_Rereco_MB/161116_224724/0000/XiAnalysis_135.root\n\tErrorCode : 60311\n\tModuleName : WMCore.Storage.StageOutError\n\tMethodName : __init__\n\tLFN : gsiftp://eoscmsftp.cern.ch//eos/cms/store/group/phys_heavyions/btran/PAMinBiasUPC/pPb_Cascade_Rereco_MB/161116_224724/0000/XiAnalysis_135.root\n\tClassInstance : None\n\tFileName : WMCore.zip/WMCore/Storage/StageOutError.py\n\tClassName : None\n\tCommand : gfal2\n\tLineNumber : 32\n\tInputPFN : XiAnalysis.root\n\tProtocol : srmv2\n\tErrorNr : 0\n\tErrorType : GeneralStageOutFailure\n\nTraceback: \n  File "cmscp.py", line 737, in perform_direct_stageout\n    source_file, dest_pfn, None, None)\n\n  File "WMCore.zip/WMCore/Storage/StageOutImpl.py", line 224, in __call__\n    raise ex\n\n', {}]}, u'134': {u'State': u'transferring'}, u'139': {u'State': u'finished'}, u'138': {u'State': u'finished'}, u'24': {u'State': u'finished'}, u'25': {u'State': u'finished'}, u'26': {u'State': u'finished'}, u'27': {u'State': u'finished'}, u'20': {u'State': u'finished'}, u'21': {u'State': u'finished'}, u'22': {u'State': u'finished'}, u'23': {u'State': u'finished'}, u'28': {u'State': u'finished'}, u'29': {u'State': u'finished'}, u'4': {u'State': u'finished'}, u'8': {u'State': u'finished'}, u'120': {u'State': u'finished'}, u'121': {u'State': u'finished'}, u'122': {u'State': u'finished'}, u'123': {u'State': u'finished'}, u'124': {u'State': u'finished'}, u'125': {u'State': u'finished'}, u'126': {u'State': u'finished'}, u'127': {u'State': u'finished'}, u'128': {u'State': u'transferring'}, u'129': {u'State': u'transferring'}, u'59': {u'State': u'finished'}, u'58': {u'State': u'transferring'}, u'55': {u'State': u'finished'}, u'54': {u'State': u'finished'}, u'57': {u'State': u'finished'}, u'56': {u'State': u'running'}, u'51': {u'State': u'transferring'}, u'50': {u'State': u'finished'}, u'53': {u'State': u'transferring'}, u'52': {u'State': u'finished'}, u'115': {u'State': u'finished'}, u'114': {u'State': u'finished'}, u'88': {u'State': u'finished'}, u'89': {u'State': u'transferring'}, u'111': {u'State': u'finished'}, u'110': {u'State': u'finished'}, u'113': {u'State': u'finished'}, u'112': {u'State': u'finished'}, u'82': {u'State': u'transferring'}, u'83': {u'State': u'finished'}, u'80': {u'State': u'finished'}, u'81': {u'State': u'finished'}, u'119': {u'State': u'finished'}, u'118': {u'State': u'finished'}, u'84': {u'State': u'finished'}, u'85': {u'State': u'finished'}, u'3': {u'State': u'finished'}, u'7': {u'State': u'finished'}, u'108': {u'State': u'finished'}, u'109': {u'State': u'finished'}, u'102': {u'State': u'finished'}, u'103': {u'State': u'transferring'}, u'100': {u'State': u'finished'}, u'101': {u'State': u'finished'}, u'106': {u'State': u'finished'}, u'107': {u'State': u'finished'}, u'104': {u'State': u'finished'}, u'105': {u'State': u'finished'}, u'39': {u'State': u'failed', u'Error': [90000, u"Stageout failure: Couldn't upload document to ASO database", {}]}, u'38': {u'State': u'finished'}, u'33': {u'State': u'transferring'}, u'32': {u'State': u'finished'}, u'31': {u'State': u'finished'}, u'30': {u'State': u'finished'}, u'37': {u'State': u'finished'}, u'36': {u'State': u'finished'}, u'35': {u'State': u'finished'}, u'34': {u'State': u'finished'}, u'60': {u'State': u'finished'}, u'61': {u'State': u'finished'}, u'62': {u'State': u'finished'}, u'63': {u'State': u'finished'}, u'64': {u'State': u'finished'}, u'65': {u'State': u'finished'}, u'66': {u'State': u'finished'}, u'67': {u'State': u'finished'}, u'68': {u'State': u'finished'}, u'69': {u'State': u'finished'}, u'2': {u'State': u'transferring'}, u'6': {u'State': u'finished'}, u'99': {u'State': u'finished'}, u'98': {u'State': u'finished'}, u'91': {u'State': u'finished'}, u'90': {u'State': u'finished'}, u'93': {u'State': u'finished'}, u'92': {u'State': u'failed', u'Error': [90000, u'', {}]}, u'95': {u'State': u'running'}, u'94': {u'State': u'finished'}, u'97': {u'State': u'failed', u'Error': [90000, u"Stageout failure: Couldn't upload document to ASO database", {}]}, u'96': {u'State': u'finished'}, u'11': {u'State': u'finished'}, u'10': {u'State': u'finished'}, u'13': {u'State': u'transferring'}, u'12': {u'State': u'finished'}, u'15': {u'State': u'finished'}, u'14': {u'State': u'finished'}, u'17': {u'State': u'finished'}, u'16': {u'State': u'finished'}, u'19': {u'State': u'finished'}, u'18': {u'State': u'finished'}, u'117': {u'State': u'finished'}, u'116': {u'State': u'finished'}, u'41': {u'State': u'finished'}, u'48': {u'State': u'transferring'}, u'49': {u'State': u'finished'}, u'46': {u'State': u'transferring'}, u'86': {u'State': u'transferring'}, u'44': {u'State': u'finished'}, u'45': {u'State': u'transferring'}, u'42': {u'State': u'finished'}, u'43': {u'State': u'finished'}, u'40': {u'State': u'finished'}, u'87': {u'State': u'finished'}, u'1': {u'State': u'finished'}, u'5': {u'State': u'finished'}, u'9': {u'State': u'finished'}, u'77': {u'State': u'failed', u'Error': [-1, u'The framework job report could be loaded, but no error message was found there.', {}]}, u'76': {u'State': u'finished'}, u'75': {u'State': u'failed', u'Error': [90000, u"Stageout failure: Couldn't upload document to ASO database", {}]}, u'74': {u'State': u'finished'}, u'73': {u'State': u'failed', u'Error': [90000, u'', {}]}, u'72': {u'State': u'transferring'}, u'71': {u'State': u'finished'}, u'70': {u'State': u'finished'}, u'79': {u'State': u'finished'}, u'78': {u'State': u'finished'}, u'47': {u'State': u'finished'}}, u'publication': {u'disabled': []}, u'taskWarningMsg': [], u'schedd': u'crab3@vocms0119.cern.ch', u'publicationFailures': {}, u'outdatasets': None, u'statusFailureMsg': u'', u'taskFailureMsg': u'', u'failedJobdefs': 0, u'ASOURL': u'https://cmsweb.cern.ch/couchdb2', u'command': u'SUBMIT', u'totalJobdefs': 0, u'submissionTime': 1479336444, u'jobdefErrors': [], u'collector': u'cmsgwms-collector-global.cern.ch,cmssrv221.fnal.gov', u'jobList': [[u'transferring', 133], [u'finished', 132], [u'transferring', 131], [u'transferring', 130], [u'finished', 137], [u'failed', 136], [u'failed', 135], [u'transferring', 134], [u'finished', 139], [u'finished', 138], [u'finished', 24], [u'finished', 25], [u'finished', 26], [u'finished', 27], [u'finished', 20], [u'finished', 21], [u'finished', 22], [u'finished', 23], [u'finished', 28], [u'finished', 29], [u'finished', 4], [u'finished', 8], [u'finished', 119], [u'finished', 120], [u'finished', 121], [u'finished', 122], [u'finished', 123], [u'finished', 124], [u'finished', 125], [u'finished', 126], [u'finished', 127], [u'transferring', 128], [u'transferring', 129], [u'finished', 118], [u'finished', 59], [u'transferring', 58], [u'finished', 55], [u'finished', 54], [u'finished', 57], [u'running', 56], [u'transferring', 51], [u'finished', 50], [u'transferring', 53], [u'finished', 52], [u'finished', 115], [u'finished', 114], [u'finished', 88], [u'transferring', 89], [u'finished', 111], [u'finished', 110], [u'finished', 113], [u'finished', 112], [u'transferring', 82], [u'finished', 83], [u'finished', 80], [u'finished', 81], [u'transferring', 86], [u'finished', 87], [u'finished', 84], [u'finished', 85], [u'finished', 3], [u'finished', 7], [u'finished', 108], [u'finished', 109], [u'finished', 102], [u'transferring', 103], [u'finished', 100], [u'finished', 101], [u'finished', 106], [u'finished', 107], [u'finished', 104], [u'finished', 105], [u'failed', 39], [u'finished', 38], [u'transferring', 33], [u'finished', 32], [u'finished', 31], [u'finished', 30], [u'finished', 37], [u'finished', 36], [u'finished', 35], [u'finished', 34], [u'finished', 60], [u'finished', 61], [u'finished', 62], [u'finished', 63], [u'finished', 64], [u'finished', 65], [u'finished', 66], [u'finished', 67], [u'finished', 68], [u'finished', 69], [u'transferring', 2], [u'finished', 6], [u'finished', 99], [u'finished', 98], [u'finished', 91], [u'finished', 90], [u'finished', 93], [u'failed', 92], [u'running', 95], [u'finished', 94], [u'failed', 97], [u'finished', 96], [u'finished', 11], [u'finished', 10], [u'transferring', 13], [u'finished', 12], [u'finished', 15], [u'finished', 14], [u'finished', 17], [u'finished', 16], [u'finished', 19], [u'finished', 18], [u'finished', 117], [u'finished', 116], [u'transferring', 48], [u'finished', 49], [u'transferring', 46], [u'finished', 47], [u'finished', 44], [u'transferring', 45], [u'finished', 42], [u'finished', 43], [u'finished', 40], [u'finished', 41], [u'finished', 1], [u'finished', 5], [u'finished', 9], [u'failed', 77], [u'finished', 76], [u'failed', 75], [u'finished', 74], [u'failed', 73], [u'transferring', 72], [u'finished', 71], [u'finished', 70], [u'finished', 79], [u'finished', 78]]}
INFO 2016-11-17 21:44:19,642: 	 CRAB project directory:		/afs/cern.ch/user/b/btran/work/CMSSW_5_3_20/src/XiAnalyzer/XiAnalyzer/crab/cascadev2ppb2013InvMass/crab_cascadev2ppb2013InvMass
INFO 2016-11-17 21:44:19,642: 	 Task name:			161116_224724:btran_crab_cascadev2ppb2013InvMass
INFO 2016-11-17 21:44:19,642: 	 Grid scheduler:			crab3@vocms0119.cern.ch
INFO 2016-11-17 21:44:19,642: 	 Task status:			SUBMITTED
INFO 2016-11-17 21:44:19,642: 	 Dashboard monitoring URL:	http://dashb-cms-job.cern.ch/dashboard/templates/task-analysis/#user=btran&table=Mains&pattern=161116_224724%3Abtran_crab_cascadev2ppb2013InvMass
INFO 2016-11-17 21:44:19,643: 	 
Jobs status:			failed          5.8% (  8/139)
INFO 2016-11-17 21:44:19,643: 	 				finished       78.4% (109/139)
INFO 2016-11-17 21:44:19,643: 	 				running         1.4% (  2/139)
INFO 2016-11-17 21:44:19,643: 	 				transferring   14.4% ( 20/139)
INFO 2016-11-17 21:44:19,643: 	 
No publication information (publication has been disabled in the CRAB configuration file)
INFO 2016-11-17 21:44:19,643: 	 
Error Summary: (use crab status --verboseErrors for details about the errors)

  6 jobs failed in postprocessing step

  1 jobs failed with exit code 60311

  1 jobs failed with exit code -1

Have a look at https://twiki.cern.ch/twiki/bin/viewauth/CMSPublic/JobExitCodes for a description of the exit codes.
INFO 2016-11-17 21:44:19,783: 	 Log file is /afs/cern.ch/user/b/btran/work/CMSSW_5_3_20/src/XiAnalyzer/XiAnalyzer/crab/cascadev2ppb2013InvMass/crab_cascadev2ppb2013InvMass/crab.log
DEBUG 2016-11-18 03:26:23,271: 	 Executing command: 'status'
DEBUG 2016-11-18 03:26:23,273: 	 Found CRAB cache file /afs/cern.ch/user/b/btran/.crab3
DEBUG 2016-11-18 03:26:23,316: 	 Checking credentials
DEBUG 2016-11-18 03:26:23,316: 	 Found proxy file /tmp/x509up_u80051
DEBUG 2016-11-18 03:26:23,316: 	 Getting proxy life time left
DEBUG 2016-11-18 03:26:23,820: 	 Executing : 
 command : voms-proxy-info -file /tmp/x509up_u80051 -timeleft
 output : 604789

 error: 
 retcode : 0
DEBUG 2016-11-18 03:26:24,323: 	 Executing : 
 command : voms-proxy-info -file /tmp/x509up_u80051 -actimeleft
 output : 604788

 error: 
 retcode : 0
DEBUG 2016-11-18 03:26:24,324: 	 Proxy valid for 167:59:49 hours
DEBUG 2016-11-18 03:26:24,439: 	 Executing : 
 command : openssl x509 -in ~/.globus/usercert.pem -subject -noout
 output : subject= /DC=ch/DC=cern/OU=Organic Units/OU=Users/CN=btran/CN=768639/CN=Benjamin Lucky Tran

 error: 
 retcode : 0
DEBUG 2016-11-18 03:26:24,439: 	 Checking credentials
DEBUG 2016-11-18 03:26:24,439: 	 Found proxy file /tmp/x509up_u80051
DEBUG 2016-11-18 03:26:24,439: 	 Getting proxy life time left
DEBUG 2016-11-18 03:26:24,944: 	 Executing : 
 command : voms-proxy-info -file /tmp/x509up_u80051 -timeleft
 output : 604788

 error: 
 retcode : 0
DEBUG 2016-11-18 03:26:25,448: 	 Executing : 
 command : voms-proxy-info -file /tmp/x509up_u80051 -actimeleft
 output : 604787

 error: 
 retcode : 0
DEBUG 2016-11-18 03:26:25,449: 	 Proxy valid for 167:59:48 hours
DEBUG 2016-11-18 03:26:25,891: 	 Registering user credentials for server /DC=ch/DC=cern/OU=computers/CN=vocms(045|052|021|031|0118|0118a|0119|0108).cern.ch
DEBUG 2016-11-18 03:26:25,998: 	 Executing : 
 command : openssl x509 -in ~/.globus/usercert.pem -subject -noout
 output : subject= /DC=ch/DC=cern/OU=Organic Units/OU=Users/CN=btran/CN=768639/CN=Benjamin Lucky Tran

 error: 
 retcode : 0
DEBUG 2016-11-18 03:26:25,998: 	 Getting myproxy life time left for myproxy.cern.ch
DEBUG 2016-11-18 03:26:25,998: 	 Calculating hash of /DC=ch/DC=cern/OU=Organic Units/OU=Users/CN=btran/CN=768639/CN=Benjamin Lucky Tran_cmsweb.cern.ch for credential name
DEBUG 2016-11-18 03:26:26,503: 	 Executing : 
 command : myproxy-info -l 389e31345499efe30bcc806d316d8722615d7660 -s myproxy.cern.ch
 output : username: 389e31345499efe30bcc806d316d8722615d7660
owner: /DC=ch/DC=cern/OU=Organic Units/OU=Users/CN=btran/CN=768639/CN=Benjamin Lucky Tran
  renewal policy: /DC=ch/DC=cern/OU=computers/CN=vocms(045|052|021|031|0118|0118a|0119|0108).cern.ch
  trusted retrieval policy: /DC=ch/DC=cern/OU=computers/CN=vocms(045|052|021|031|0118|0118a|0119|0108).cern.ch
  timeleft: 692:03:37  (28.8 days)

 error: 
 retcode : 0
DEBUG 2016-11-18 03:26:26,504: 	 Myproxy is valid: 2491417
DEBUG 2016-11-18 03:26:26,505: 	 Command use: status
DEBUG 2016-11-18 03:26:26,505: 	 Options use: []
DEBUG 2016-11-18 03:26:26,919: 	 CRABClient version: 3.3.1611
DEBUG 2016-11-18 03:26:26,919: 	 Instance is prod
DEBUG 2016-11-18 03:26:26,919: 	 Server base url is cmsweb.cern.ch
DEBUG 2016-11-18 03:26:26,919: 	 Command url /crabserver/prod/workflow
DEBUG 2016-11-18 03:26:26,919: 	 Looking up detailed status of task 161116_224724:btran_crab_cascadev2ppb2013InvMass
DEBUG 2016-11-18 03:26:28,694: 	 {u'status': u'SUBMITTED', u'username': u'btran', u'jobsPerStatus': {u'failed': 8, u'finished': 127, u'transferring': 4}, u'jobs': {u'133': {u'State': u'finished'}, u'132': {u'State': u'finished'}, u'131': {u'State': u'finished'}, u'130': {u'State': u'transferring'}, u'137': {u'State': u'finished'}, u'136': {u'State': u'failed', u'Error': [90000, u'Stageout failure: ', {}]}, u'135': {u'State': u'failed', u'Error': [60311, u'CmsCpFailure\ncmscp error message follows.\nError during direct stageout:\nStageOutFailure\nMessage: Failure in direct stage out:\nStageOutError\nMessage: 2016-11-17T14:34:38 : Command exited non-zero\n\tErrorCode : 60311\n\tModuleName : WMCore.Storage.StageOutError\n\tMethodName : __init__\n\tErrorType : GeneralStageOutFailure\n\tClassInstance : None\n\tFileName : WMCore.zip/WMCore/Storage/StageOutError.py\n\tClassName : None\n\tCommand : #!/bin/bash\nenv -i X509_USER_PROXY=$X509_USER_PROXY JOBSTARTDIR=$JOBSTARTDIR bash -c \'. $JOBSTARTDIR/startup_environment.sh; date; gfal-copy -t 2400 -T 2400 -p -K adler32  file:///tmp/glide_4o6Mcs/execute/dir_1831/XiAnalysis.root gsiftp://eoscmsftp.cern.ch//eos/cms/store/group/phys_heavyions/btran/PAMinBiasUPC/pPb_Cascade_Rereco_MB/161116_224724/0000/XiAnalysis_135.root\'\n            EXIT_STATUS=$?\n            echo "gfal-copy exit status: $EXIT_STATUS"\n            if [[ $EXIT_STATUS != 0 ]]; then\n               echo "Non-zero gfal-copy Exit status!!!"\n               echo "Cleaning up failed file:"\n                env -i X509_USER_PROXY=$X509_USER_PROXY JOBSTARTDIR=$JOBSTARTDIR bash -c \'. $JOBSTARTDIR/startup_environment.sh; date; gfal-rm -t 600 gsiftp://eoscmsftp.cern.ch//eos/cms/store/group/phys_heavyions/btran/PAMinBiasUPC/pPb_Cascade_Rereco_MB/161116_224724/0000/XiAnalysis_135.root \'\n               exit 60311\n            fi\n            exit 0\n            \n\tLineNumber : 32\n\tErrorNr : 0\n\tExitCode : 23\n\nTraceback: \n  File "WMCore.zip/WMCore/Storage/StageOutImpl.py", line 213, in __call__\n    self.executeCommand(command)\n\n  File "WMCore.zip/WMCore/Storage/StageOutImpl.py", line 91, in executeCommand\n    raise StageOutError(msg, Command=command, ExitCode=exitCode)\n\n\nTraceback (most recent call last):\n  File "cmscp.py", line 737, in perform_direct_stageout\n    source_file, dest_pfn, None, None)\n  File "WMCore.zip/WMCore/Storage/StageOutImpl.py", line 224, in __call__\n    raise ex\nStageOutError: StageOutError\nMessage: 2016-11-17T14:34:38 : Command exited non-zero\n\tErrorCode : 60311\n\tModuleName : WMCore.Storage.StageOutError\n\tMethodName : __init__\n\tErrorType : GeneralStageOutFailure\n\tClassInstance : None\n\tFileName : WMCore.zip/WMCore/Storage/StageOutError.py\n\tClassName : None\n\tCommand : #!/bin/bash\nenv -i X509_USER_PROXY=$X509_USER_PROXY JOBSTARTDIR=$JOBSTARTDIR bash -c \'. $JOBSTARTDIR/startup_environment.sh; date; gfal-copy -t 2400 -T 2400 -p -K adler32  file:///tmp/glide_4o6Mcs/execute/dir_1831/XiAnalysis.root gsiftp://eoscmsftp.cern.ch//eos/cms/store/group/phys_heavyions/btran/PAMinBiasUPC/pPb_Cascade_Rereco_MB/161116_224724/0000/XiAnalysis_135.root\'\n            EXIT_STATUS=$?\n            echo "gfal-copy exit status: $EXIT_STATUS"\n            if [[ $EXIT_STATUS != 0 ]]; then\n               echo "Non-zero gfal-copy Exit status!!!"\n               echo "Cleaning up failed file:"\n                env -i X509_USER_PROXY=$X509_USER_PROXY JOBSTARTDIR=$JOBSTARTDIR bash -c \'. $JOBSTARTDIR/startup_environment.sh; date; gfal-rm -t 600 gsiftp://eoscmsftp.cern.ch//eos/cms/store/group/phys_heavyions/btran/PAMinBiasUPC/pPb_Cascade_Rereco_MB/161116_224724/0000/XiAnalysis_135.root \'\n               exit 60311\n            fi\n            exit 0\n            \n\tLineNumber : 32\n\tErrorNr : 0\n\tExitCode : 23\n\nTraceback: \n  File "WMCore.zip/WMCore/Storage/StageOutImpl.py", line 213, in __call__\n    self.executeCommand(command)\n\n  File "WMCore.zip/WMCore/Storage/StageOutImpl.py", line 91, in executeCommand\n    raise StageOutError(msg, Command=command, ExitCode=exitCode)\n\n\n\n\tTargetPFN : gsiftp://eoscmsftp.cern.ch//eos/cms/store/group/phys_heavyions/btran/PAMinBiasUPC/pPb_Cascade_Rereco_MB/161116_224724/0000/XiAnalysis_135.root\n\tErrorCode : 60311\n\tModuleName : WMCore.Storage.StageOutError\n\tMethodName : __init__\n\tLFN : gsiftp://eoscmsftp.cern.ch//eos/cms/store/group/phys_heavyions/btran/PAMinBiasUPC/pPb_Cascade_Rereco_MB/161116_224724/0000/XiAnalysis_135.root\n\tClassInstance : None\n\tFileName : WMCore.zip/WMCore/Storage/StageOutError.py\n\tClassName : None\n\tCommand : gfal2\n\tLineNumber : 32\n\tInputPFN : XiAnalysis.root\n\tProtocol : srmv2\n\tErrorNr : 0\n\tErrorType : GeneralStageOutFailure\n\nTraceback: \n  File "cmscp.py", line 737, in perform_direct_stageout\n    source_file, dest_pfn, None, None)\n\n  File "WMCore.zip/WMCore/Storage/StageOutImpl.py", line 224, in __call__\n    raise ex\n\n', {}]}, u'134': {u'State': u'transferring'}, u'139': {u'State': u'finished'}, u'138': {u'State': u'finished'}, u'24': {u'State': u'finished'}, u'25': {u'State': u'finished'}, u'26': {u'State': u'finished'}, u'27': {u'State': u'finished'}, u'20': {u'State': u'finished'}, u'21': {u'State': u'finished'}, u'22': {u'State': u'finished'}, u'23': {u'State': u'finished'}, u'28': {u'State': u'finished'}, u'29': {u'State': u'finished'}, u'4': {u'State': u'finished'}, u'8': {u'State': u'finished'}, u'120': {u'State': u'finished'}, u'121': {u'State': u'finished'}, u'122': {u'State': u'finished'}, u'123': {u'State': u'finished'}, u'124': {u'State': u'finished'}, u'125': {u'State': u'finished'}, u'126': {u'State': u'finished'}, u'127': {u'State': u'finished'}, u'128': {u'State': u'finished'}, u'129': {u'State': u'finished'}, u'59': {u'State': u'finished'}, u'58': {u'State': u'finished'}, u'55': {u'State': u'finished'}, u'54': {u'State': u'finished'}, u'57': {u'State': u'finished'}, u'56': {u'State': u'finished'}, u'51': {u'State': u'finished'}, u'50': {u'State': u'finished'}, u'53': {u'State': u'finished'}, u'52': {u'State': u'finished'}, u'115': {u'State': u'finished'}, u'114': {u'State': u'finished'}, u'88': {u'State': u'finished'}, u'89': {u'State': u'finished'}, u'111': {u'State': u'finished'}, u'110': {u'State': u'finished'}, u'113': {u'State': u'finished'}, u'112': {u'State': u'finished'}, u'82': {u'State': u'finished'}, u'83': {u'State': u'finished'}, u'80': {u'State': u'finished'}, u'81': {u'State': u'finished'}, u'119': {u'State': u'finished'}, u'118': {u'State': u'finished'}, u'84': {u'State': u'finished'}, u'85': {u'State': u'finished'}, u'3': {u'State': u'finished'}, u'7': {u'State': u'finished'}, u'108': {u'State': u'finished'}, u'109': {u'State': u'finished'}, u'102': {u'State': u'finished'}, u'103': {u'State': u'transferring'}, u'100': {u'State': u'finished'}, u'101': {u'State': u'finished'}, u'106': {u'State': u'finished'}, u'107': {u'State': u'finished'}, u'104': {u'State': u'finished'}, u'105': {u'State': u'finished'}, u'39': {u'State': u'failed', u'Error': [90000, u"Stageout failure: Couldn't upload document to ASO database", {}]}, u'38': {u'State': u'finished'}, u'33': {u'State': u'finished'}, u'32': {u'State': u'finished'}, u'31': {u'State': u'finished'}, u'30': {u'State': u'finished'}, u'37': {u'State': u'finished'}, u'36': {u'State': u'finished'}, u'35': {u'State': u'finished'}, u'34': {u'State': u'finished'}, u'60': {u'State': u'finished'}, u'61': {u'State': u'finished'}, u'62': {u'State': u'finished'}, u'63': {u'State': u'finished'}, u'64': {u'State': u'finished'}, u'65': {u'State': u'finished'}, u'66': {u'State': u'finished'}, u'67': {u'State': u'finished'}, u'68': {u'State': u'finished'}, u'69': {u'State': u'finished'}, u'2': {u'State': u'finished'}, u'6': {u'State': u'finished'}, u'99': {u'State': u'finished'}, u'98': {u'State': u'finished'}, u'91': {u'State': u'finished'}, u'90': {u'State': u'finished'}, u'93': {u'State': u'finished'}, u'92': {u'State': u'failed', u'Error': [90000, u'', {}]}, u'95': {u'State': u'finished'}, u'94': {u'State': u'finished'}, u'97': {u'State': u'failed', u'Error': [90000, u"Stageout failure: Couldn't upload document to ASO database", {}]}, u'96': {u'State': u'finished'}, u'11': {u'State': u'finished'}, u'10': {u'State': u'finished'}, u'13': {u'State': u'finished'}, u'12': {u'State': u'finished'}, u'15': {u'State': u'finished'}, u'14': {u'State': u'finished'}, u'17': {u'State': u'finished'}, u'16': {u'State': u'finished'}, u'19': {u'State': u'finished'}, u'18': {u'State': u'finished'}, u'117': {u'State': u'finished'}, u'116': {u'State': u'finished'}, u'41': {u'State': u'finished'}, u'48': {u'State': u'finished'}, u'49': {u'State': u'finished'}, u'46': {u'State': u'finished'}, u'86': {u'State': u'finished'}, u'44': {u'State': u'finished'}, u'45': {u'State': u'transferring'}, u'42': {u'State': u'finished'}, u'43': {u'State': u'finished'}, u'40': {u'State': u'finished'}, u'87': {u'State': u'finished'}, u'1': {u'State': u'finished'}, u'5': {u'State': u'finished'}, u'9': {u'State': u'finished'}, u'77': {u'State': u'failed', u'Error': [-1, u'The framework job report could be loaded, but no error message was found there.', {}]}, u'76': {u'State': u'finished'}, u'75': {u'State': u'failed', u'Error': [90000, u"Stageout failure: Couldn't upload document to ASO database", {}]}, u'74': {u'State': u'finished'}, u'73': {u'State': u'failed', u'Error': [90000, u'', {}]}, u'72': {u'State': u'finished'}, u'71': {u'State': u'finished'}, u'70': {u'State': u'finished'}, u'79': {u'State': u'finished'}, u'78': {u'State': u'finished'}, u'47': {u'State': u'finished'}}, u'publication': {u'disabled': []}, u'taskWarningMsg': [], u'schedd': u'crab3@vocms0119.cern.ch', u'publicationFailures': {}, u'outdatasets': None, u'statusFailureMsg': u'', u'taskFailureMsg': u'', u'failedJobdefs': 0, u'ASOURL': u'https://cmsweb.cern.ch/couchdb2', u'command': u'SUBMIT', u'totalJobdefs': 0, u'submissionTime': 1479336444, u'jobdefErrors': [], u'collector': u'cmsgwms-collector-global.cern.ch,cmssrv221.fnal.gov', u'jobList': [[u'finished', 133], [u'finished', 132], [u'finished', 131], [u'transferring', 130], [u'finished', 137], [u'failed', 136], [u'failed', 135], [u'transferring', 134], [u'finished', 139], [u'finished', 138], [u'finished', 24], [u'finished', 25], [u'finished', 26], [u'finished', 27], [u'finished', 20], [u'finished', 21], [u'finished', 22], [u'finished', 23], [u'finished', 28], [u'finished', 29], [u'finished', 4], [u'finished', 8], [u'finished', 119], [u'finished', 120], [u'finished', 121], [u'finished', 122], [u'finished', 123], [u'finished', 124], [u'finished', 125], [u'finished', 126], [u'finished', 127], [u'finished', 128], [u'finished', 129], [u'finished', 118], [u'finished', 59], [u'finished', 58], [u'finished', 55], [u'finished', 54], [u'finished', 57], [u'finished', 56], [u'finished', 51], [u'finished', 50], [u'finished', 53], [u'finished', 52], [u'finished', 115], [u'finished', 114], [u'finished', 88], [u'finished', 89], [u'finished', 111], [u'finished', 110], [u'finished', 113], [u'finished', 112], [u'finished', 82], [u'finished', 83], [u'finished', 80], [u'finished', 81], [u'finished', 86], [u'finished', 87], [u'finished', 84], [u'finished', 85], [u'finished', 3], [u'finished', 7], [u'finished', 108], [u'finished', 109], [u'finished', 102], [u'transferring', 103], [u'finished', 100], [u'finished', 101], [u'finished', 106], [u'finished', 107], [u'finished', 104], [u'finished', 105], [u'failed', 39], [u'finished', 38], [u'finished', 33], [u'finished', 32], [u'finished', 31], [u'finished', 30], [u'finished', 37], [u'finished', 36], [u'finished', 35], [u'finished', 34], [u'finished', 60], [u'finished', 61], [u'finished', 62], [u'finished', 63], [u'finished', 64], [u'finished', 65], [u'finished', 66], [u'finished', 67], [u'finished', 68], [u'finished', 69], [u'finished', 2], [u'finished', 6], [u'finished', 99], [u'finished', 98], [u'finished', 91], [u'finished', 90], [u'finished', 93], [u'failed', 92], [u'finished', 95], [u'finished', 94], [u'failed', 97], [u'finished', 96], [u'finished', 11], [u'finished', 10], [u'finished', 13], [u'finished', 12], [u'finished', 15], [u'finished', 14], [u'finished', 17], [u'finished', 16], [u'finished', 19], [u'finished', 18], [u'finished', 117], [u'finished', 116], [u'finished', 48], [u'finished', 49], [u'finished', 46], [u'finished', 47], [u'finished', 44], [u'transferring', 45], [u'finished', 42], [u'finished', 43], [u'finished', 40], [u'finished', 41], [u'finished', 1], [u'finished', 5], [u'finished', 9], [u'failed', 77], [u'finished', 76], [u'failed', 75], [u'finished', 74], [u'failed', 73], [u'finished', 72], [u'finished', 71], [u'finished', 70], [u'finished', 79], [u'finished', 78]]}
INFO 2016-11-18 03:26:28,695: 	 CRAB project directory:		/afs/cern.ch/user/b/btran/work/CMSSW_5_3_20/src/XiAnalyzer/XiAnalyzer/crab/cascadev2ppb2013InvMass/crab_cascadev2ppb2013InvMass
INFO 2016-11-18 03:26:28,695: 	 Task name:			161116_224724:btran_crab_cascadev2ppb2013InvMass
INFO 2016-11-18 03:26:28,695: 	 Grid scheduler:			crab3@vocms0119.cern.ch
INFO 2016-11-18 03:26:28,695: 	 Task status:			SUBMITTED
INFO 2016-11-18 03:26:28,695: 	 Dashboard monitoring URL:	http://dashb-cms-job.cern.ch/dashboard/templates/task-analysis/#user=btran&table=Mains&pattern=161116_224724%3Abtran_crab_cascadev2ppb2013InvMass
INFO 2016-11-18 03:26:28,695: 	 
Jobs status:			failed          5.8% (  8/139)
INFO 2016-11-18 03:26:28,695: 	 				finished       91.4% (127/139)
INFO 2016-11-18 03:26:28,695: 	 				transferring    2.9% (  4/139)
INFO 2016-11-18 03:26:28,695: 	 
No publication information (publication has been disabled in the CRAB configuration file)
INFO 2016-11-18 03:26:28,696: 	 
Error Summary: (use crab status --verboseErrors for details about the errors)

  6 jobs failed in postprocessing step

  1 jobs failed with exit code 60311

  1 jobs failed with exit code -1

Have a look at https://twiki.cern.ch/twiki/bin/viewauth/CMSPublic/JobExitCodes for a description of the exit codes.
INFO 2016-11-18 03:26:28,753: 	 Log file is /afs/cern.ch/user/b/btran/work/CMSSW_5_3_20/src/XiAnalyzer/XiAnalyzer/crab/cascadev2ppb2013InvMass/crab_cascadev2ppb2013InvMass/crab.log
